<?xml version="1.0" encoding="UTF-8" ?>
<testsuite tests="1" failures="0" name="com.azure.test.Azure_test.FunctionTest" time="0.77" errors="0" skipped="0">
  <properties>
    <property name="java.runtime.name" value="OpenJDK Runtime Environment"/>
    <property name="java.vm.version" value="11.0.15+10-adhoc..jdk11u"/>
    <property name="sun.boot.library.path" value="C:\New folder\openlogic-openjdk-11.0.15+10-windows-x64\openlogic-openjdk-11.0.15+10-windows-x64\bin"/>
    <property name="maven.multiModuleProjectDirectory" value="C:\Users\2210095\MGM\Checkout\TestProj\Azure-test"/>
    <property name="java.vm.vendor" value="OpenLogic"/>
    <property name="java.vendor.url" value="https://openlogic.com/"/>
    <property name="guice.disable.misplaced.annotation.check" value="true"/>
    <property name="path.separator" value=";"/>
    <property name="java.vm.name" value="OpenJDK 64-Bit Server VM"/>
    <property name="sun.os.patch.level" value=""/>
    <property name="user.script" value=""/>
    <property name="user.country" value="IN"/>
    <property name="sun.java.launcher" value="SUN_STANDARD"/>
    <property name="java.vm.specification.name" value="Java Virtual Machine Specification"/>
    <property name="user.dir" value="C:\Users\2210095\MGM\Checkout\TestProj\Azure-test"/>
    <property name="java.vm.compressedOopsMode" value="Zero based"/>
    <property name="java.runtime.version" value="11.0.15+10-adhoc..jdk11u"/>
    <property name="java.awt.graphicsenv" value="sun.awt.Win32GraphicsEnvironment"/>
    <property name="os.arch" value="amd64"/>
    <property name="java.io.tmpdir" value="C:\Users\2210095\AppData\Local\Temp\1\"/>
    <property name="line.separator" value="
"/>
    <property name="java.vm.specification.vendor" value="Oracle Corporation"/>
    <property name="user.variant" value=""/>
    <property name="os.name" value="Windows 11"/>
    <property name="classworlds.conf" value="C:\Users\2210095\IHG\Software\apache-maven-3.6.3-bin\apache-maven-3.6.3\bin\..\bin\m2.conf"/>
    <property name="sun.jnu.encoding" value="Cp1252"/>
    <property name="java.library.path" value="C:\New folder\openlogic-openjdk-11.0.15+10-windows-x64\openlogic-openjdk-11.0.15+10-windows-x64\bin;C:\Windows\Sun\Java\bin;C:\Windows\system32;C:\Windows;C:\Program Files (x86)\Microsoft SDKs\Azure\CLI2\wbin;C:\Windows\system32;C:\Windows;C:\Windows\System32\Wbem;C:\Windows\System32\WindowsPowerShell\v1.0\;C:\Windows\System32\OpenSSH\;C:\Users\2210095\IHG\Software\apache-maven-3.6.3-bin\apache-maven-3.6.3\bin;C:\New folder\openlogic-openjdk-11.0.15+10-windows-x64\openlogic-openjdk-11.0.15+10-windows-x64\bin;C:\Program Files\Microsoft\Azure Functions Core Tools\;&quot;C:\Users\2210095\AppData\Local\Programs\Python\Python311;C:\Users\2210095\AppData\Local\Programs\Python\Python311\Scripts&quot;;C:\Program Files\Amazon\AWSCLIV2\;C:\Program Files\nodejs\;C:\Users\2210095\AppData\Local\Programs\Python\Python311\Scripts\;C:\Users\2210095\AppData\Local\Programs\Python\Python311\;C:\New folder\kubectl;C:\Users\2210095\AppData\Local\Microsoft\WindowsApps;C:\Users\2210095\IHG\Software\apache-maven-3.6.3-bin\apache-maven-3.6.3\bin;C:\kafka_2.12-3.2.1\bin\windows;C:\Users\2210095\AppData\Local\Programs\Git\cmd;C:\Users\2210095\AppData\Local\GitHubDesktop\bin;C:\Users\2210095\AppData\Local\Programs\Microsoft VS Code\bin;&quot;C:\Users\2210095\AppData\Local\Programs\Python\Python311;C:\Users\2210095\AppData\Local\Programs\Python\Python311\Scripts&quot;;C:\Program Files\JetBrains\PyCharm Community Edition 2022.2.4\bin;;C:\New folder\openlogic-openjdk-11.0.15+10-windows-x64\openlogic-openjdk-11.0.15+10-windows-x64\bin;C:\Users\2210095\AppData\Roaming\npm;C:\Program Files\dotnet\;C:\Program Files\Microsoft\Azure Functions Core Tools\;;."/>
    <property name="maven.conf" value="C:\Users\2210095\IHG\Software\apache-maven-3.6.3-bin\apache-maven-3.6.3\bin\../conf"/>
    <property name="jdk.debug" value="release"/>
    <property name="java.class.version" value="55.0"/>
    <property name="java.specification.name" value="Java Platform API Specification"/>
    <property name="sun.management.compiler" value="HotSpot 64-Bit Tiered Compilers"/>
    <property name="os.version" value="10.0"/>
    <property name="library.jansi.path" value="C:\Users\2210095\IHG\Software\apache-maven-3.6.3-bin\apache-maven-3.6.3\bin\..\lib\jansi-native"/>
    <property name="user.home" value="C:\Users\2210095"/>
    <property name="user.timezone" value="Asia/Calcutta"/>
    <property name="java.awt.printerjob" value="sun.awt.windows.WPrinterJob"/>
    <property name="file.encoding" value="Cp1252"/>
    <property name="java.specification.version" value="11"/>
    <property name="user.name" value="2210095"/>
    <property name="java.class.path" value="C:\Users\2210095\IHG\Software\apache-maven-3.6.3-bin\apache-maven-3.6.3\bin\..\boot\plexus-classworlds-2.6.0.jar"/>
    <property name="java.vm.specification.version" value="11"/>
    <property name="sun.arch.data.model" value="64"/>
    <property name="sun.java.command" value="org.codehaus.plexus.classworlds.launcher.Launcher clean install"/>
    <property name="java.home" value="C:\New folder\openlogic-openjdk-11.0.15+10-windows-x64\openlogic-openjdk-11.0.15+10-windows-x64"/>
    <property name="user.language" value="en"/>
    <property name="java.specification.vendor" value="Oracle Corporation"/>
    <property name="awt.toolkit" value="sun.awt.windows.WToolkit"/>
    <property name="java.vm.info" value="mixed mode"/>
    <property name="java.version" value="11.0.15"/>
    <property name="java.vendor" value="OpenLogic"/>
    <property name="sun.stderr.encoding" value="cp437"/>
    <property name="maven.home" value="C:\Users\2210095\IHG\Software\apache-maven-3.6.3-bin\apache-maven-3.6.3\bin\.."/>
    <property name="file.separator" value="\"/>
    <property name="java.version.date" value="2022-04-19"/>
    <property name="java.vendor.url.bug" value="https://techsupport.roguewave.com/"/>
    <property name="sun.io.unicode.encoding" value="UnicodeLittle"/>
    <property name="sun.cpu.endian" value="little"/>
    <property name="java.vendor.version" value="OpenLogic-OpenJDK"/>
    <property name="sun.stdout.encoding" value="cp437"/>
    <property name="sun.desktop" value="windows"/>
    <property name="sun.cpu.isalist" value="amd64"/>
  </properties>
  <testcase classname="com.azure.test.Azure_test.FunctionTest" name="com.azure.test.Azure_test.FunctionTest.testHttpTriggerJava" time="0.77"/>
</testsuite>